\BOOKMARK [1][-]{section.1}{\376\377\000W\000o\000r\000d\000p\000r\000e\000s\000s}{}% 1
\BOOKMARK [2][-]{subsection.1.1}{\376\377\000M\000i\000s\000e\000s\000\040\000a\000\040\000j\000o\000u\000r\000s}{section.1}% 2
\BOOKMARK [2][-]{subsection.1.2}{\376\377\000\311\000v\000\350\000n\000e\000m\000e\000n\000t\000s}{section.1}% 3
\BOOKMARK [2][-]{subsection.1.3}{\376\377\000C\000r\000\351\000e\000r\000\040\000u\000n\000e\000\040\000p\000a\000g\000e}{section.1}% 4
\BOOKMARK [2][-]{subsection.1.4}{\376\377\000E\000d\000i\000t\000e\000r\000\040\000u\000n\000e\000\040\000p\000a\000g\000e}{section.1}% 5
\BOOKMARK [2][-]{subsection.1.5}{\376\377\000S\000p\000o\000n\000s\000o\000r\000s}{section.1}% 6
\BOOKMARK [2][-]{subsection.1.6}{\376\377\000A\000n\000c\000i\000e\000n\000s\000\040\000B\000o\000a\000r\000d}{section.1}% 7
\BOOKMARK [1][-]{section.2}{\376\377\000O\000V\000H}{}% 8
\BOOKMARK [2][-]{subsection.2.1}{\376\377\000C\000r\000e\000e\000r\000\040\000u\000n\000\040\000s\000a\000u\000v\000e\000g\000a\000r\000d\000e}{section.2}% 9
\BOOKMARK [2][-]{subsection.2.2}{\376\377\000R\000\351\000c\000u\000p\000\351\000r\000e\000r\000\040\000u\000n\000e\000\040\000s\000a\000u\000v\000e\000g\000a\000r\000d\000e\000\040\000d\000u\000\040\000s\000i\000t\000e}{section.2}% 10
\BOOKMARK [2][-]{subsection.2.3}{\376\377\000R\000e\000d\000i\000r\000e\000c\000t\000i\000o\000n}{section.2}% 11
\BOOKMARK [2][-]{subsection.2.4}{\376\377\000A\000u\000t\000r\000e}{section.2}% 12
\BOOKMARK [1][-]{section.3}{\376\377\000G\000i\000t\000h\000u\000b}{}% 13
\BOOKMARK [1][-]{section.4}{\376\377\000C\000h\000a\000n\000g\000e\000m\000e\000n\000t\000\040\000p\000r\000o\000p\000r\000i\000o\000\040\000W\000o\000r\000d\000p\000r\000e\000s\000s}{}% 14
\BOOKMARK [1][-]{section.5}{\376\377\000C\000h\000a\000n\000g\000e\000m\000e\000n\000t\000\040\000p\000r\000o\000p\000r\000i\000o\000\040\000O\000V\000H}{}% 15
\BOOKMARK [1][-]{section.6}{\376\377\000P\000o\000s\000t\000e}{}% 16
\BOOKMARK [2][-]{subsection.6.1}{\376\377\000S\000l\000i\000d\000e\000s}{section.6}% 17
\BOOKMARK [2][-]{subsection.6.2}{\376\377\000W\000o\000o\000c\000l\000a\000p}{section.6}% 18
\BOOKMARK [2][-]{subsection.6.3}{\376\377\000C\000l\000o\000w\000n}{section.6}% 19
\BOOKMARK [2][-]{subsection.6.4}{\376\377\000T\000R\000I\000T\000O\000U\000F\000S}{section.6}% 20
\BOOKMARK [1][-]{section.7}{\376\377\000C\000o\000n\000c\000l\000u\000s\000i\000o\000n}{}% 21
